DELETE dash_
DashboardRepository::delete_dashboard(new Dashboard(13, 0, 3, 9, '0000-00-14', '0000-00-07', 1, 1, ['dash_'], ['numer_sta'=>[7139, 78925]], [new Composant(new Analysis(4, new Attribut(1, 'decimal ', 't', 'Température (K) ', 'K', 'Description manquante.', '303.45'), new Aggregation(1, 'Moyenne', 'avg'), new Groupping(1, 'ANNEE', 'temporel', 'YEAR(date)'), new Groupping(1, 'graphique circulaire', null, 'generate_pie_chart.php')), ['titre'=>'Onglet 0', 'chartId'=>0], 18)]));
DELETE dash_
DashboardRepository::delete_dashboard(new Dashboard(7, 0, 3, 1, '0000-00-14', '0000-00-07', 1, 1, ['dash_'], ['numer_sta'=>[7139, 78925]], []));
DELETE dash_
DashboardRepository::delete_dashboard(new Dashboard(11, 0, 3, 10, '0000-00-14', '0000-00-07', 1, 1, ['dash_'], ['numer_sta'=>[7139, 78925]], [new Composant(new Analysis(4, new Attribut(1, 'decimal ', 't', 'Température (K) ', 'K', 'Description manquante.', '303.45'), new Aggregation(1, 'Moyenne', 'avg'), new Groupping(1, 'ANNEE', 'temporel', 'YEAR(date)'), new Groupping(1, 'graphique circulaire', null, 'generate_pie_chart.php')), ['titre'=>'Onglet 0', 'chartId'=>0], 16)]));
DELETE dash_
DashboardRepository::delete_dashboard(new Dashboard(8, 0, 3, 7, '0000-00-14', '0000-00-07', 1, 1, ['dash_'], ['numer_sta'=>[7139, 78925]], []));
DELETE dash_
DashboardRepository::delete_dashboard(new Dashboard(9, 0, 3, 8, '0000-00-14', '0000-00-07', 1, 1, ['dash_'], ['numer_sta'=>[7139, 78925]], [new Composant(new Analysis(4, new Attribut(1, 'decimal ', 't', 'Température (K) ', 'K', 'Description manquante.', '303.45'), new Aggregation(1, 'Moyenne', 'avg'), new Groupping(1, 'ANNEE', 'temporel', 'YEAR(date)'), new Groupping(1, 'graphique circulaire', null, 'generate_pie_chart.php')), ['titre'=>'Onglet 0', 'chartId'=>0], 14)]));

-----

Nouvelle session : 2025-03-28 20:33:32
INSERT Adoption center
(new UtilisateurRepository)->insertUser(new Utilisateur('Adoption center', 'unclaimed.children@meteoscope.fr', 'garbage', 'collector', null, 'null' ), 'vitrygtr');
DELETE dash3
DashboardRepository::delete_dashboard(new Dashboard(6, 0, 3, 3, '2017-04-06', '2018-04-06', , , ['dash3'], ['numer_sta'=>[7139, 78925]], [new Composant(new Analysis(1, new Attribut(1, 'decimal ', 't', 'Température (K) ', 'K', 'Description manquante.', '303.45'), new Aggregation(1, 'Moyenne', 'avg'), new Groupping(11, 'LISTE_STATIONS', 'geographique', 'numer_sta'), new Groupping(1, 'graphique circulaire', null, 'generate_pie_chart.php')), ['titre'=>'coucou', 'chartId'=>0], 8)new Composant(new Analysis(2, new Attribut(1, 'decimal ', 't', 'Température (K) ', 'K', 'Description manquante.', '303.45'), new Aggregation(1, 'Moyenne', 'avg'), new Groupping(12, 'TOTAL', '', ''), new Groupping(2, 'donnée textuelle', null, 'generate_text_representation.php')), ['titre'=>'coucou', 'chartId'=>1], 9)new Composant(new Analysis(4, new Attribut(1, 'decimal ', 't', 'Température (K) ', 'K', 'Description manquante.', '303.45'), new Aggregation(1, 'Moyenne', 'avg'), new Groupping(1, 'ANNEE', 'temporel', 'YEAR(date)'), new Groupping(1, 'graphique circulaire', null, 'generate_pie_chart.php')), ['titre'=>'Onglet 2', 'chartId'=>2], 10)new Composant(new Analysis(4, new Attribut(1, 'decimal ', 't', 'Température (K) ', 'K', 'Description manquante.', '303.45'), new Aggregation(1, 'Moyenne', 'avg'), new Groupping(1, 'ANNEE', 'temporel', 'YEAR(date)'), new Groupping(1, 'graphique circulaire', null, 'generate_pie_chart.php')), ['titre'=>'Onglet 3', 'chartId'=>3], 11)new Composant(new Analysis(4, new Attribut(1, 'decimal ', 't', 'Température (K) ', 'K', 'Description manquante.', '303.45'), new Aggregation(1, 'Moyenne', 'avg'), new Groupping(1, 'ANNEE', 'temporel', 'YEAR(date)'), new Groupping(1, 'graphique circulaire', null, 'generate_pie_chart.php')), ['titre'=>'Onglet 4', 'chartId'=>4], 12)]));
DELETE dash_
DashboardRepository::delete_dashboard(new Dashboard(10, 0, 3, 9, '0000-00-14', '0000-00-07', 1, 1, ['dash_'], ['numer_sta'=>[7139, 78925]], [new Composant(new Analysis(4, new Attribut(1, 'decimal ', 't', 'Température (K) ', 'K', 'Description manquante.', '303.45'), new Aggregation(1, 'Moyenne', 'avg'), new Groupping(1, 'ANNEE', 'temporel', 'YEAR(date)'), new Groupping(1, 'graphique circulaire', null, 'generate_pie_chart.php')), ['titre'=>'Onglet 0', 'chartId'=>0], 15)]));
DELETE dash_
DashboardRepository::delete_dashboard(new Dashboard(12, 0, 3, 11, '0000-00-14', '0000-00-07', 1, 1, ['dash_'], ['numer_sta'=>[7139, 78925]], [new Composant(new Analysis(4, new Attribut(1, 'decimal ', 't', 'Température (K) ', 'K', 'Description manquante.', '303.45'), new Aggregation(1, 'Moyenne', 'avg'), new Groupping(1, 'ANNEE', 'temporel', 'YEAR(date)'), new Groupping(1, 'graphique circulaire', null, 'generate_pie_chart.php')), ['titre'=>'Onglet 0', 'chartId'=>0], 17)]));
DELETE dash_
DashboardRepository::delete_dashboard(new Dashboard(14, 0, 3, 13, '0000-00-14', '0000-00-07', 1, 1, ['dash_'], ['numer_sta'=>[7139, 78925]], [new Composant(new Analysis(4, new Attribut(1, 'decimal ', 't', 'Température (K) ', 'K', 'Description manquante.', '303.45'), new Aggregation(1, 'Moyenne', 'avg'), new Groupping(1, 'ANNEE', 'temporel', 'YEAR(date)'), new Groupping(1, 'graphique circulaire', null, 'generate_pie_chart.php')), ['titre'=>'Onglet 0', 'chartId'=>0], 19)]));
DELETE dash_
DashboardRepository::delete_dashboard(new Dashboard(15, 0, 3, 14, '0000-00-14', '0000-00-07', 1, 1, ['dash_'], ['numer_sta'=>[7139, 78925]], [new Composant(new Analysis(4, new Attribut(1, 'decimal ', 't', 'Température (K) ', 'K', 'Description manquante.', '303.45'), new Aggregation(1, 'Moyenne', 'avg'), new Groupping(1, 'ANNEE', 'temporel', 'YEAR(date)'), new Groupping(1, 'graphique circulaire', null, 'generate_pie_chart.php')), ['titre'=>'Onglet 0', 'chartId'=>0], 20)]));
DELETE dash_
DashboardRepository::delete_dashboard(new Dashboard(16, 0, 3, 15, '0000-00-14', '0000-00-07', 1, 1, ['dash_'], ['numer_sta'=>[7139, 78925]], [new Composant(new Analysis(4, new Attribut(1, 'decimal ', 't', 'Température (K) ', 'K', 'Description manquante.', '303.45'), new Aggregation(1, 'Moyenne', 'avg'), new Groupping(1, 'ANNEE', 'temporel', 'YEAR(date)'), new Groupping(1, 'graphique circulaire', null, 'generate_pie_chart.php')), ['titre'=>'Onglet 0', 'chartId'=>0], 21)]));
DELETE dash1
DashboardRepository::delete_dashboard(new Dashboard(17, 0, 3, 1, '0000-00-14', '0000-00-07', 1, 1, ['dash1'], ['numer_sta'=>[7139, 78925]], [new Composant(new Analysis(2, new Attribut(1, 'decimal ', 't', 'Température (K) ', 'K', 'Description manquante.', '303.45'), new Aggregation(1, 'Moyenne', 'avg'), new Groupping(12, 'TOTAL', '', ''), new Groupping(2, 'donnée textuelle', null, 'generate_text_representation.php')), ['titre'=>'coucou', 'chartId'=>0], 22)]));
CREATE dash1
DashboardRepository::save_new_dashboard(new Dashboard(null, 0, 3, 1, '0000-00-14', '0000-00-07', 1, 1, ['dash1'], ['numer_sta'=>[7139, 78925]], [new Composant(new Analysis(2, new Attribut(1, 'decimal ', 't', 'Température (K) ', 'K', 'Description manquante.', '303.45'), new Aggregation(1, 'Moyenne', 'avg'), new Groupping(12, 'TOTAL', '', ''), new Groupping(2, 'donnée textuelle', null, 'generate_text_representation.php')), ['titre'=>'coucou', 'chartId'=>0], 22)]));
CREATE Analyse générale
DashboardRepository::save_new_dashboard(new Dashboard(1, 0, 0, 1, '0001-00-00', '0000-00-00', 1, 1, ['Analyse générale', 'Cette météothèque a pour objectif de proposer un exemple d'analyse sur l'année écoulée.'], ['code_reg'=>[1, 2, 3, 4, 6, 11, 24, 27, 28, 32, 44, 52, 53, 75, 76, 84, 93, 94], 'numer_sta'=>[7139, 78925]], [new Composant(new Analysis(null, new Attribut(64, 'décimal', 'tc', 'Température (°C)', '°C', 'Description manquante.', '0.30000000000001'), new Aggregation(1, 'Moyenne', 'avg'), new Groupping(11, 'LISTE_STATIONS', 'geographique', 'numer_sta'), new Groupping(1, 'graphique circulaire', null, 'generate_pie_chart.php')), ['titre'=>'Différences de la température par station', 'chartId'=>0], 1)new Composant(new Analysis(null, new Attribut(9, 'int', 'u', 'Humidité (%)', ' valeur unitaire', '%', '58'), new Aggregation(1, 'Moyenne', 'avg'), new Groupping(11, 'LISTE_STATIONS', 'geographique', 'numer_sta'), new Groupping(1, 'graphique circulaire', null, 'generate_pie_chart.php')), ['titre'=>'Différences de l'humidité par station', 'chartId'=>1], null)new Composant(new Analysis(null, new Attribut(1, 'decimal ', 't', 'Température (K) ', 'K', 'Description manquante.', '303.45'), new Aggregation(1, 'Moyenne', 'avg'), new Groupping(3, 'SOMMEPARMOIS', 'temporel', 'MONTH(date)'), new Groupping(1, 'graphique circulaire', null, 'generate_pie_chart.php')), ['titre'=>'Différences d'humidité par mois', 'chartId'=>2], null)]));
CREATE Analyse générale
DashboardRepository::save_new_dashboard(new Dashboard(1, 0, 0, 1, '0001-00-00', '0000-00-00', 1, 1, ['Analyse générale', 'Cette météothèque a pour objectif de proposer un exemple d'analyse sur l'année écoulée.'], ['code_reg'=>[1, 2, 3, 4, 6, 11, 24, 27, 28, 32, 44, 52, 53, 75, 76, 84, 93, 94], 'numer_sta'=>[7139, 78925]], [new Composant(new Analysis(null, new Attribut(64, 'décimal', 'tc', 'Température (°C)', '°C', 'Description manquante.', '0.30000000000001'), new Aggregation(1, 'Moyenne', 'avg'), new Groupping(11, 'LISTE_STATIONS', 'geographique', 'numer_sta'), new Groupping(1, 'graphique circulaire', null, 'generate_pie_chart.php')), ['titre'=>'Différences de la température par station', 'chartId'=>0], 1)]));
CREATE Analyse générale
DashboardRepository::save_new_dashboard(new Dashboard(1, 0, 0, 1, '0001-00-00', '0000-00-00', 1, 1, ['Analyse générale', 'Cette météothèque a pour objectif de proposer un exemple d'analyse sur l'année écoulée.'], ['code_reg'=>[1, 2, 3, 4, 6, 11, 24, 27, 28, 32, 44, 52, 53, 75, 76, 84, 93, 94], 'numer_sta'=>[7139, 78925]], [new Composant(new Analysis(null, new Attribut(64, 'décimal', 'tc', 'Température (°C)', '°C', 'Description manquante.', '0.30000000000001'), new Aggregation(1, 'Moyenne', 'avg'), new Groupping(11, 'LISTE_STATIONS', 'geographique', 'numer_sta'), new Groupping(1, 'graphique circulaire', null, 'generate_pie_chart.php')), ['titre'=>'Différences de la température par station', 'chartId'=>0], 1)]));

-----

Nouvelle session : 2025-04-01 10:11:41
CREATE dash1
DashboardRepository::save_new_dashboard(new Dashboard(1, 0, 0, 1, '0000-00-14', '0000-00-07', 1, 1, ['dash1', ''], ['numer_sta'=>[7139, 78925]], [new Composant(new Analysis(null, new Attribut(1, 'decimal ', 't', 'Température (K) ', 'K', 'Description manquante.', '303.45'), new Aggregation(1, 'Moyenne', 'avg'), new Groupping(12, 'TOTAL', '', ''), new Groupping(2, 'donnée textuelle', null, 'generate_text_representation.php')), ['titre'=>'coucou', 'chartId'=>0], 1)]));
DELETE ["dash1",""]
DashboardRepository::delete_dashboard(new Dashboard(21, 0, 3, 1, '0000-00-14', '0000-00-07', 1, 1, ['["dash1",""]'], ['numer_sta'=>[7139, 78925]], [new Composant(new Analysis(2, new Attribut(1, 'decimal ', 't', 'Température (K) ', 'K', 'Description manquante.', '303.45'), new Aggregation(1, 'Moyenne', 'avg'), new Groupping(12, 'TOTAL', '', ''), new Groupping(2, 'donnée textuelle', null, 'generate_text_representation.php')), ['titre'=>'coucou', 'chartId'=>0], 28)]));
CREATE ["dash1",""]
DashboardRepository::save_new_dashboard(new Dashboard(null, 0, 3, 1, '0000-00-14', '0000-00-07', 1, 1, ['["dash1",""]'], ['numer_sta'=>[7139, 78925]], [new Composant(new Analysis(2, new Attribut(1, 'decimal ', 't', 'Température (K) ', 'K', 'Description manquante.', '303.45'), new Aggregation(1, 'Moyenne', 'avg'), new Groupping(12, 'TOTAL', '', ''), new Groupping(2, 'donnée textuelle', null, 'generate_text_representation.php')), ['titre'=>'coucou', 'chartId'=>0], 28)]));
CREATE dash1
DashboardRepository::save_new_dashboard(new Dashboard(1, 0, 0, 1, '0000-00-14', '0000-00-07', 1, 1, ['dash1', ''], ['numer_sta'=>[7139, 78925]], [new Composant(new Analysis(null, new Attribut(1, 'decimal ', 't', 'Température (K) ', 'K', 'Description manquante.', '303.45'), new Aggregation(1, 'Moyenne', 'avg'), new Groupping(12, 'TOTAL', '', ''), new Groupping(2, 'donnée textuelle', null, 'generate_text_representation.php')), ['titre'=>'coucou', 'chartId'=>0], 1)]));
DELETE ["dash1",""]
DashboardRepository::delete_dashboard(new Dashboard(22, 0, 3, 1, '0000-00-14', '0000-00-07', 1, 1, ['["dash1",""]'], ['numer_sta'=>[7139, 78925]], [new Composant(new Analysis(2, new Attribut(1, 'decimal ', 't', 'Température (K) ', 'K', 'Description manquante.', '303.45'), new Aggregation(1, 'Moyenne', 'avg'), new Groupping(12, 'TOTAL', '', ''), new Groupping(2, 'donnée textuelle', null, 'generate_text_representation.php')), ['titre'=>'coucou', 'chartId'=>0], 29)]));
CREATE ["dash1",""]
DashboardRepository::save_new_dashboard(new Dashboard(null, 0, 3, 1, '0000-00-14', '0000-00-07', 1, 1, ['["dash1",""]'], ['numer_sta'=>[7139, 78925]], [new Composant(new Analysis(2, new Attribut(1, 'decimal ', 't', 'Température (K) ', 'K', 'Description manquante.', '303.45'), new Aggregation(1, 'Moyenne', 'avg'), new Groupping(12, 'TOTAL', '', ''), new Groupping(2, 'donnée textuelle', null, 'generate_text_representation.php')), ['titre'=>'coucou', 'chartId'=>0], 29)]));
CREATE Analyse générale
DashboardRepository::save_new_dashboard(new Dashboard(18, 0, 3, 1, '0001-00-00', '0000-00-00', 1, 1, ['Analyse générale', ''], ['code_reg'=>[1, 2, 3, 4, 6, 11, 24, 27, 28, 32, 44, 52, 53, 75, 76, 84, 93, 94], 'numer_sta'=>[7139, 78925]], [new Composant(new Analysis(null, new Attribut(64, 'décimal', 'tc', 'Température (°C)', '°C', 'Description manquante.', '0.30000000000001'), new Aggregation(1, 'Moyenne', 'avg'), new Groupping(11, 'LISTE_STATIONS', 'geographique', 'numer_sta'), new Groupping(1, 'graphique circulaire', null, 'generate_pie_chart.php')), ['titre'=>'Différences de la température par station', 'chartId'=>0], 23)new Composant(new Analysis(null, new Attribut(9, 'int', 'u', 'Humidité (%)', ' valeur unitaire', '%', '58'), new Aggregation(1, 'Moyenne', 'avg'), new Groupping(11, 'LISTE_STATIONS', 'geographique', 'numer_sta'), new Groupping(1, 'graphique circulaire', null, 'generate_pie_chart.php')), ['titre'=>'Différences de l&#039;humidité par station', 'chartId'=>1], 24)new Composant(new Analysis(null, new Attribut(1, 'decimal ', 't', 'Température (K) ', 'K', 'Description manquante.', '303.45'), new Aggregation(1, 'Moyenne', 'avg'), new Groupping(3, 'SOMMEPARMOIS', 'temporel', 'MONTH(date)'), new Groupping(1, 'graphique circulaire', null, 'generate_pie_chart.php')), ['titre'=>'Différences d&#039;humidité par mois', 'chartId'=>2], 25)]));
INSERT Adoption center
(new UtilisateurRepository)->insertUser(new Utilisateur('Adoption center', 'unclaimed.children@meteoscope.fr', 'garbage', 'collector', null, 'null' ), 'vitrygtr');
INSERT Adoption center
(new UtilisateurRepository)->insertUser(new Utilisateur('Adoption center', 'unclaimed.children@meteoscope.fr', 'garbage', 'collector', null, 'null' ), 'vitrygtr');
INSERT Adoption center
(new UtilisateurRepository)->insertUser(new Utilisateur('Adoption center', 'unclaimed.children@meteoscope.fr', 'garbage', 'collector', null, 'null' ), 'vitrygtr');
INSERT Adoption center
(new UtilisateurRepository)->insertUser(new Utilisateur('Adoption center', 'unclaimed.children@meteoscope.fr', 'garbage', 'collector', null, 'null' ), 'vitrygtr');
DELETE dash_
DashboardRepository::delete_dashboard(new Dashboard(14, 0, 3, 13, '0000-00-14', '0000-00-07', 1, 1, ['dash_'], ['numer_sta'=>[7139, 78925]], [new Composant(new Analysis(4, new Attribut(1, 'decimal ', 't', 'Température (K) ', 'K', 'Description manquante.', '303.45'), new Aggregation(1, 'Moyenne', 'avg'), new Groupping(1, 'ANNEE', 'temporel', 'YEAR(date)'), new Groupping(1, 'graphique circulaire', null, 'generate_pie_chart.php')), ['titre'=>'Onglet 0', 'chartId'=>0], 19)]));
DELETE dash_
DashboardRepository::delete_dashboard(new Dashboard(15, 0, 3, 14, '0000-00-14', '0000-00-07', 1, 1, ['dash_'], ['numer_sta'=>[7139, 78925]], [new Composant(new Analysis(4, new Attribut(1, 'decimal ', 't', 'Température (K) ', 'K', 'Description manquante.', '303.45'), new Aggregation(1, 'Moyenne', 'avg'), new Groupping(1, 'ANNEE', 'temporel', 'YEAR(date)'), new Groupping(1, 'graphique circulaire', null, 'generate_pie_chart.php')), ['titre'=>'Onglet 0', 'chartId'=>0], 20)]));
DELETE dash_
DashboardRepository::delete_dashboard(new Dashboard(7, 0, 3, 1, '0000-00-14', '0000-00-07', 1, 1, ['dash_'], ['numer_sta'=>[7139, 78925]], []));
DELETE dash_
DashboardRepository::delete_dashboard(new Dashboard(8, 0, 3, 7, '0000-00-14', '0000-00-07', 1, 1, ['dash_'], ['numer_sta'=>[7139, 78925]], []));
DELETE dash_
DashboardRepository::delete_dashboard(new Dashboard(9, 0, 3, 8, '0000-00-14', '0000-00-07', 1, 1, ['dash_'], ['numer_sta'=>[7139, 78925]], [new Composant(new Analysis(4, new Attribut(1, 'decimal ', 't', 'Température (K) ', 'K', 'Description manquante.', '303.45'), new Aggregation(1, 'Moyenne', 'avg'), new Groupping(1, 'ANNEE', 'temporel', 'YEAR(date)'), new Groupping(1, 'graphique circulaire', null, 'generate_pie_chart.php')), ['titre'=>'Onglet 0', 'chartId'=>0], 14)]));
DELETE dash_
DashboardRepository::delete_dashboard(new Dashboard(10, 0, 3, 9, '0000-00-14', '0000-00-07', 1, 1, ['dash_'], ['numer_sta'=>[7139, 78925]], [new Composant(new Analysis(4, new Attribut(1, 'decimal ', 't', 'Température (K) ', 'K', 'Description manquante.', '303.45'), new Aggregation(1, 'Moyenne', 'avg'), new Groupping(1, 'ANNEE', 'temporel', 'YEAR(date)'), new Groupping(1, 'graphique circulaire', null, 'generate_pie_chart.php')), ['titre'=>'Onglet 0', 'chartId'=>0], 15)]));
DELETE dash_
DashboardRepository::delete_dashboard(new Dashboard(11, 0, 3, 10, '0000-00-14', '0000-00-07', 1, 1, ['dash_'], ['numer_sta'=>[7139, 78925]], [new Composant(new Analysis(4, new Attribut(1, 'decimal ', 't', 'Température (K) ', 'K', 'Description manquante.', '303.45'), new Aggregation(1, 'Moyenne', 'avg'), new Groupping(1, 'ANNEE', 'temporel', 'YEAR(date)'), new Groupping(1, 'graphique circulaire', null, 'generate_pie_chart.php')), ['titre'=>'Onglet 0', 'chartId'=>0], 16)]));
DELETE dash_
DashboardRepository::delete_dashboard(new Dashboard(12, 0, 3, 11, '0000-00-14', '0000-00-07', 1, 1, ['dash_'], ['numer_sta'=>[7139, 78925]], [new Composant(new Analysis(4, new Attribut(1, 'decimal ', 't', 'Température (K) ', 'K', 'Description manquante.', '303.45'), new Aggregation(1, 'Moyenne', 'avg'), new Groupping(1, 'ANNEE', 'temporel', 'YEAR(date)'), new Groupping(1, 'graphique circulaire', null, 'generate_pie_chart.php')), ['titre'=>'Onglet 0', 'chartId'=>0], 17)]));
DELETE dash_
DashboardRepository::delete_dashboard(new Dashboard(13, 0, 3, 9, '0000-00-14', '0000-00-07', 1, 1, ['dash_'], ['numer_sta'=>[7139, 78925]], [new Composant(new Analysis(4, new Attribut(1, 'decimal ', 't', 'Température (K) ', 'K', 'Description manquante.', '303.45'), new Aggregation(1, 'Moyenne', 'avg'), new Groupping(1, 'ANNEE', 'temporel', 'YEAR(date)'), new Groupping(1, 'graphique circulaire', null, 'generate_pie_chart.php')), ['titre'=>'Onglet 0', 'chartId'=>0], 18)]));
DELETE dash_
DashboardRepository::delete_dashboard(new Dashboard(16, 0, 3, 15, '0000-00-14', '0000-00-07', 1, 1, ['dash_'], ['numer_sta'=>[7139, 78925]], [new Composant(new Analysis(4, new Attribut(1, 'decimal ', 't', 'Température (K) ', 'K', 'Description manquante.', '303.45'), new Aggregation(1, 'Moyenne', 'avg'), new Groupping(1, 'ANNEE', 'temporel', 'YEAR(date)'), new Groupping(1, 'graphique circulaire', null, 'generate_pie_chart.php')), ['titre'=>'Onglet 0', 'chartId'=>0], 21)]));
DELETE dash1
DashboardRepository::delete_dashboard(new Dashboard(17, 0, 3, 1, '0000-00-14', '0000-00-07', 1, 1, ['dash1'], ['numer_sta'=>[7139, 78925]], [new Composant(new Analysis(2, new Attribut(1, 'decimal ', 't', 'Température (K) ', 'K', 'Description manquante.', '303.45'), new Aggregation(1, 'Moyenne', 'avg'), new Groupping(12, 'TOTAL', '', ''), new Groupping(2, 'donnée textuelle', null, 'generate_text_representation.php')), ['titre'=>'coucou', 'chartId'=>0], 22)]));
DELETE dash3
DashboardRepository::delete_dashboard(new Dashboard(6, 0, 3, 3, '2017-04-06', '2018-04-06', , , ['dash3'], ['numer_sta'=>[7139, 78925]], [new Composant(new Analysis(1, new Attribut(1, 'decimal ', 't', 'Température (K) ', 'K', 'Description manquante.', '303.45'), new Aggregation(1, 'Moyenne', 'avg'), new Groupping(11, 'LISTE_STATIONS', 'geographique', 'numer_sta'), new Groupping(1, 'graphique circulaire', null, 'generate_pie_chart.php')), ['titre'=>'coucou', 'chartId'=>0], 8)new Composant(new Analysis(2, new Attribut(1, 'decimal ', 't', 'Température (K) ', 'K', 'Description manquante.', '303.45'), new Aggregation(1, 'Moyenne', 'avg'), new Groupping(12, 'TOTAL', '', ''), new Groupping(2, 'donnée textuelle', null, 'generate_text_representation.php')), ['titre'=>'coucou', 'chartId'=>1], 9)new Composant(new Analysis(4, new Attribut(1, 'decimal ', 't', 'Température (K) ', 'K', 'Description manquante.', '303.45'), new Aggregation(1, 'Moyenne', 'avg'), new Groupping(1, 'ANNEE', 'temporel', 'YEAR(date)'), new Groupping(1, 'graphique circulaire', null, 'generate_pie_chart.php')), ['titre'=>'Onglet 2', 'chartId'=>2], 10)new Composant(new Analysis(4, new Attribut(1, 'decimal ', 't', 'Température (K) ', 'K', 'Description manquante.', '303.45'), new Aggregation(1, 'Moyenne', 'avg'), new Groupping(1, 'ANNEE', 'temporel', 'YEAR(date)'), new Groupping(1, 'graphique circulaire', null, 'generate_pie_chart.php')), ['titre'=>'Onglet 3', 'chartId'=>3], 11)new Composant(new Analysis(4, new Attribut(1, 'decimal ', 't', 'Température (K) ', 'K', 'Description manquante.', '303.45'), new Aggregation(1, 'Moyenne', 'avg'), new Groupping(1, 'ANNEE', 'temporel', 'YEAR(date)'), new Groupping(1, 'graphique circulaire', null, 'generate_pie_chart.php')), ['titre'=>'Onglet 4', 'chartId'=>4], 12)]));

-----

Nouvelle session : 2025-04-07 15:58:25

-----

Nouvelle session : 2025-04-07 15:58:30

-----

Nouvelle session : 2025-04-07 15:58:32

-----

Nouvelle session : 2025-04-07 15:58:44

-----

Nouvelle session : 2025-04-07 15:58:48

-----

Nouvelle session : 2025-04-07 15:58:52

-----

Nouvelle session : 2025-04-07 15:59:10

-----

Nouvelle session : 2025-04-07 16:01:08

-----

Nouvelle session : 2025-04-07 16:01:32

-----

Nouvelle session : 2025-04-07 16:04:46

-----

Nouvelle session : 2025-04-08 13:06:39

-----

Nouvelle session : 2025-04-08 13:06:46

-----

Nouvelle session : 2025-04-08 13:06:46

-----

Nouvelle session : 2025-04-08 13:06:47

-----

Nouvelle session : 2025-04-08 13:06:51

-----

Nouvelle session : 2025-04-08 13:07:06

-----

Nouvelle session : 2025-04-08 13:07:55

-----

Nouvelle session : 2025-04-08 14:10:24

-----

Nouvelle session : 2025-04-08 14:10:59
CREATE bonjoir
DashboardRepository::save_new_dashboard(new Dashboard(1, 0, 0, 1, '0000-00-14', '0000-00-07', 1, 1, ['bonjoir', ''], ['numer_sta'=>[7139, 78925]], [new Composant(new Analysis(null, new Attribut(1, 'decimal ', 't', 'Température (K) ', 'K', 'Description manquante.', '303.45'), new Aggregation(1, 'Moyenne', 'avg'), new Groupping(12, 'TOTAL', '', ''), new Groupping(2, 'donnée textuelle', null, 'generate_text_representation.php')), ['titre'=>'Composant 1', 'chartId'=>0], 1)]));
UPDATE bonjoir
DashboardRepository::upadte_dashboard(new Dashboard(18, 0, 2, 1, '2020-01-14', '2021-01-14', , , ['bonjoir', ''], ['numer_sta'=>[7139, 78925]], [new Composant(new Analysis(null, new Attribut(1, 'decimal ', 't', 'Température (K) ', 'K', 'Description manquante.', '303.45'), new Aggregation(1, 'Moyenne', 'avg'), new Groupping(12, 'TOTAL', '', ''), new Groupping(2, 'donnée textuelle', null, 'generate_text_representation.php')), ['titre'=>'Composant 1', 'chartId'=>0], 23)new Composant(new Analysis(null, new Attribut(6, 'int', 'dd', 'degré', ' valeur unitaire', 'Description manquante.', '110'), new Aggregation(1, 'Moyenne', 'avg'), new Groupping(11, 'LISTE_STATIONS', 'geographique', 'numer_sta'), new Groupping(1, 'graphique circulaire', null, 'generate_pie_chart.php')), ['titre'=>'Composant 2', 'chartId'=>1], null)]));

-----

Nouvelle session : 2025-04-08 16:19:31
CREATE dash1
DashboardRepository::save_new_dashboard(new Dashboard(1, 0, 0, 1, '0000-00-14', '0000-00-07', 1, 1, ['dash1', ''], ['code_reg'=>[11, 27, 28, 32], 'numer_sta'=>[7139, 78925]], [new Composant(new Analysis(null, new Attribut(1, 'decimal ', 't', 'Température (K) ', 'K', 'Description manquante.', '303.45'), new Aggregation(1, 'Moyenne', 'avg'), new Groupping(4, 'MOIS', 'temporel', 'YEAR(date),MONTH(date)'), new Groupping(6, 'tableau', null, 'generate_tab_representation.php')), ['titre'=>'coucou', 'chartId'=>0], 1)new Composant(new Analysis(null, new Attribut(1, 'decimal ', 't', 'Température (K) ', 'K', 'Description manquante.', '303.45'), new Aggregation(1, 'Moyenne', 'avg'), new Groupping(11, 'LISTE_STATIONS', 'geographique', 'numer_sta'), new Groupping(1, 'graphique circulaire', null, 'generate_pie_chart.php')), ['titre'=>'Onglet 1', 'chartId'=>1], null)new Composant(new Analysis(null, new Attribut(1, 'decimal ', 't', 'Température (K) ', 'K', 'Description manquante.', '303.45'), new Aggregation(1, 'Moyenne', 'avg'), new Groupping(6, 'JOURS', 'temporel', 'YEAR(date),MONTH(date),DAY(date)'), new Groupping(1, 'graphique circulaire', null, 'generate_pie_chart.php')), ['titre'=>'Onglet 2', 'chartId'=>2], null)]));
UPDATE Dashboard 1 : Température
DashboardRepository::upadte_dashboard(new Dashboard(1, 0, 0, 1, '2023-01-01', '2023-04-01', , , ['Dashboard 1 : Température', ''], ['code_reg'=>[1, 2, 3, 4, 6, 11, 24, 27, 28, 32, 44, 52, 53, 75, 76, 84, 93, 94], 'numer_sta'=>[7139, 78925]], [new Composant(new Analysis(null, new Attribut(1, 'decimal ', 't', 'Température (K) ', 'K', 'Description manquante.', '303.45'), new Aggregation(1, 'Moyenne', 'avg'), new Groupping(12, 'TOTAL', '', ''), new Groupping(2, 'donnée textuelle', null, 'generate_text_representation.php')), ['titre'=>'Dashboard 1 : Température', 'chartId'=>0], 1)new Composant(new Analysis(null, new Attribut(1, 'decimal ', 't', 'Température (K) ', 'K', 'Description manquante.', '303.45'), new Aggregation(1, 'Moyenne', 'avg'), new Groupping(4, 'MOIS', 'temporel', 'YEAR(date),MONTH(date)'), new Groupping(4, 'courbe', null, 'generate_line_chart.php')), ['titre'=>'Moyenne mensuel de température', 'chartId'=>1], null)new Composant(new Analysis(null, new Attribut(1, 'decimal ', 't', 'Température (K) ', 'K', 'Description manquante.', '303.45'), new Aggregation(2, 'Maximum', 'max'), new Groupping(12, 'TOTAL', '', ''), new Groupping(2, 'donnée textuelle', null, 'generate_text_representation.php')), ['titre'=>'Température maximale enregistrée', 'chartId'=>2], null)new Composant(new Analysis(null, new Attribut(1, 'decimal ', 't', 'Température (K) ', 'K', 'Description manquante.', '303.45'), new Aggregation(1, 'Moyenne', 'avg'), new Groupping(11, 'LISTE_STATIONS', 'geographique', 'numer_sta'), new Groupping(3, 'carte', null, 'generate_geo_chart.php')), ['titre'=>'Carte des températures', 'chartId'=>3], null)new Composant(new Analysis(null, new Attribut(1, 'decimal ', 't', 'Température (K) ', 'K', 'Description manquante.', '303.45'), new Aggregation(1, 'Moyenne', 'avg'), new Groupping(8, 'REGION', 'temporel', 'code_reg'), new Groupping(1, 'graphique circulaire', null, 'generate_pie_chart.php')), ['titre'=>'Répartition des plages de température', 'chartId'=>4], null)new Composant(new Analysis(null, new Attribut(1, 'decimal ', 't', 'Température (K) ', 'K', 'Description manquante.', '303.45'), new Aggregation(1, 'Moyenne', 'avg'), new Groupping(4, 'MOIS', 'temporel', 'YEAR(date),MONTH(date)'), new Groupping(5, 'histograme', null, 'generate_bar_chart.php')), ['titre'=>'Température moyenne par mois', 'chartId'=>5], null)]));
